Using setting file bin\MP2LanguageConversion.txt
ProcessFile=H:\User Daten\Visual C# Projects\TvWishList\TvWishListGitRepository\TvWishList\TvWishListTransiFexGetAllFinished\Language MP1\strings_ca.xml
496 Strings written to file
.\Language MP2\strings_ca.xml



ProcessFile=H:\User Daten\Visual C# Projects\TvWishList\TvWishListGitRepository\TvWishList\TvWishListTransiFexGetAllFinished\Language MP1\strings_de.xml
496 Strings written to file
.\Language MP2\strings_de.xml



ProcessFile=H:\User Daten\Visual C# Projects\TvWishList\TvWishListGitRepository\TvWishList\TvWishListTransiFexGetAllFinished\Language MP1\strings_es.xml
496 Strings written to file
.\Language MP2\strings_es.xml



ProcessFile=H:\User Daten\Visual C# Projects\TvWishList\TvWishListGitRepository\TvWishList\TvWishListTransiFexGetAllFinished\Language MP1\strings_fr.xml
496 Strings written to file
.\Language MP2\strings_fr.xml



ProcessFile=H:\User Daten\Visual C# Projects\TvWishList\TvWishListGitRepository\TvWishList\TvWishListTransiFexGetAllFinished\Language MP1\strings_id.xml
496 Strings written to file
.\Language MP2\strings_id.xml



ProcessFile=H:\User Daten\Visual C# Projects\TvWishList\TvWishListGitRepository\TvWishList\TvWishListTransiFexGetAllFinished\Language MP1\strings_lt.xml
496 Strings written to file
.\Language MP2\strings_lt.xml



ProcessFile=H:\User Daten\Visual C# Projects\TvWishList\TvWishListGitRepository\TvWishList\TvWishListTransiFexGetAllFinished\Language MP1\strings_nl.xml
496 Strings written to file
.\Language MP2\strings_nl.xml



ProcessFile=H:\User Daten\Visual C# Projects\TvWishList\TvWishListGitRepository\TvWishList\TvWishListTransiFexGetAllFinished\Language MP1\strings_sk.xml
496 Strings written to file
.\Language MP2\strings_sk.xml



ProcessFile=H:\User Daten\Visual C# Projects\TvWishList\TvWishListGitRepository\TvWishList\TvWishListTransiFexGetAllFinished\Language MP1\strings_sv.xml
496 Strings written to file
.\Language MP2\strings_sv.xml




